
TASK [master : Install SaltStack apt repo keyring] *********************************************************************************************
skipping: [node1]

TASK [master : Add SaltStack APT repository] ***************************************************************************************************
skipping: [node1]

TASK [master : Install nginx, salt-master, and salt-api] ***************************************************************************************
skipping: [node1]

TASK [master : Install CherryPy into the Salt Python environment] ******************************************************************************
skipping: [node1]

TASK [master : Deploy PAM service file for salt-api auth] **************************************************************************************
changed: [node1]

TASK [master : Ensure master.d directory exists] ***********************************************************************************************
[ERROR]: Task failed: Finalization of task args for 'ansible.builtin.file' failed: Error while resolving value for 'path': 'salt_master_config_dir' is undefined

Task failed.
Origin: /Users/jefffogarty/Documents/projects/utilities/salt/roles/master/tasks/configure_api.yml:28:3

26 # ──────────────────────────────────────────────────────────────────────────────
27
28 - name: Ensure master.d directory exists
     ^ column 3

<<< caused by >>>

Finalization of task args for 'ansible.builtin.file' failed.
Origin: /Users/jefffogarty/Documents/projects/utilities/salt/roles/master/tasks/configure_api.yml:29:3

27
28 - name: Ensure master.d directory exists
29   file:
     ^ column 3

<<< caused by >>>

Error while resolving value for 'path': 'salt_master_config_dir' is undefined
Origin: /Users/jefffogarty/Documents/projects/utilities/salt/roles/master/tasks/configure_api.yml:30:11

28 - name: Ensure master.d directory exists
29   file:
30     path: "{{ salt_master_config_dir }}/master.d"
             ^ column 11

fatal: [node1]: FAILED! => {"changed": false, "msg": "Task failed: Finalization of task args for 'ansible.builtin.file' failed: Error while resolving value for 'path': 'salt_master_config_dir' is undefined"}